algorithm-recap.html     http://outreach.vlabs.ac.in/
basic-recap.html     http://outreach.vlabs.ac.in/
code-assessment.html     http://outreach.vlabs.ac.in/
feedback.html     http://outreach.vlabs.ac.in/
further-reading-and-references.html     http://outreach.vlabs.ac.in/
index.html     http://outreach.vlabs.ac.in/
overview.html     http://outreach.vlabs.ac.in/
performance-report.html     http://vlab.co.in
posttest.html     http://outreach.vlabs.ac.in/
pretest.html     http://outreach.vlabs.ac.in/
validator-report.html     http://vlab.co.in
analysis-of-prims/analysis-quiz-of-prims.html     http://outreach.vlabs.ac.in/
analysis-of-prims/comparison-with-kruskals-and-others.html     http://outreach.vlabs.ac.in/
analysis-of-prims/index.html     http://outreach.vlabs.ac.in/
analysis-of-prims/time-and-space-complexity-of-prims.html     http://outreach.vlabs.ac.in/
analysis-of-kruskals/analysis-quiz-in-kruskals.html     http://outreach.vlabs.ac.in/
analysis-of-kruskals/index.html     http://outreach.vlabs.ac.in/
analysis-of-kruskals/time-and-space-complexity-of-kruskals.html     http://outreach.vlabs.ac.in/
mst/index.html     http://outreach.vlabs.ac.in/
mst/overview.html     http://outreach.vlabs.ac.in/
kruskals-algorithm/basic-concept.html     http://outreach.vlabs.ac.in/
kruskals-algorithm/demo-of-kruskals-algorithm.html     http://outreach.vlabs.ac.in/
kruskals-algorithm/index.html     http://outreach.vlabs.ac.in/
kruskals-algorithm/kruskals-quiz.html     http://outreach.vlabs.ac.in/
prims-algorithm/basic-concept-in-prims.html     http://outreach.vlabs.ac.in/
prims-algorithm/demo-of-prims-algorithm.html     http://outreach.vlabs.ac.in/
prims-algorithm/prims-quiz.html     http://outreach.vlabs.ac.in/
prims-algorithm/index.html     http://outreach.vlabs.ac.in/
kruskals-algorithm/simulation/docs/index.html     http://validator.w3.org/check?uri=referer
kruskals-algorithm/simulation/docs/sitemap.html     http://validator.w3.org/check?uri=referer
prims-algorithm/simulation/docs/index.html     http://validator.w3.org/check?uri=referer
prims-algorithm/simulation/docs/sitemap.html     http://validator.w3.org/check?uri=referer
kruskals-algorithm/simulation/docs/org-templates/level-0.html     http://validator.w3.org/check?uri=referer
kruskals-algorithm/simulation/docs/org-templates/level-1.html     http://validator.w3.org/check?uri=referer
kruskals-algorithm/simulation/docs/org-templates/level-2.html     http://validator.w3.org/check?uri=referer
kruskals-algorithm/simulation/docs/org-templates/level-3.html     http://validator.w3.org/check?uri=referer
kruskals-algorithm/simulation/docs/org-templates/level-4.html     http://validator.w3.org/check?uri=referer
kruskals-algorithm/simulation/docs/org-templates/level-5.html     http://validator.w3.org/check?uri=referer
kruskals-algorithm/simulation/docs/org-templates/tex-macros.html     http://validator.w3.org/check?uri=referer
kruskals-algorithm/simulation/docs/runtime/realization-catalog.html     http://validator.w3.org/check?uri=referer
prims-algorithm/simulation/docs/org-templates/level-0.html     http://validator.w3.org/check?uri=referer
prims-algorithm/simulation/docs/org-templates/level-1.html     http://validator.w3.org/check?uri=referer
prims-algorithm/simulation/docs/org-templates/level-2.html     http://validator.w3.org/check?uri=referer
prims-algorithm/simulation/docs/org-templates/level-3.html     http://validator.w3.org/check?uri=referer
prims-algorithm/simulation/docs/org-templates/level-4.html     http://validator.w3.org/check?uri=referer
prims-algorithm/simulation/docs/org-templates/level-5.html     http://validator.w3.org/check?uri=referer
prims-algorithm/simulation/docs/org-templates/tex-macros.html     http://validator.w3.org/check?uri=referer
prims-algorithm/simulation/docs/runtime/realization-catalog.html     http://validator.w3.org/check?uri=referer
kruskals-algorithm/simulation/docs/runtime/css/mst_css.html     http://validator.w3.org/check?uri=referer
kruskals-algorithm/simulation/docs/runtime/html/mst_kruskal_demo.html     http://validator.w3.org/check?uri=referer
kruskals-algorithm/simulation/docs/runtime/html/mst_kruskal_exercise.html     http://validator.w3.org/check?uri=referer
kruskals-algorithm/simulation/docs/runtime/html/mst_kruskal_practice.html     http://validator.w3.org/check?uri=referer
kruskals-algorithm/simulation/docs/runtime/html/mst_prims_demo.html     http://validator.w3.org/check?uri=referer
kruskals-algorithm/simulation/docs/runtime/html/mst_prims_exercise.html     http://validator.w3.org/check?uri=referer
kruskals-algorithm/simulation/docs/runtime/html/mst_prims_practice.html     http://validator.w3.org/check?uri=referer
kruskals-algorithm/simulation/docs/runtime/js/data.html     http://validator.w3.org/check?uri=referer
kruskals-algorithm/simulation/docs/runtime/js/mst_algo.html     http://validator.w3.org/check?uri=referer
kruskals-algorithm/simulation/docs/runtime/js/mst_algo2.html     http://validator.w3.org/check?uri=referer
kruskals-algorithm/simulation/docs/runtime/js/mst_kruskal_demo.html     http://validator.w3.org/check?uri=referer
kruskals-algorithm/simulation/docs/runtime/js/mst_kruskal_exercise.html     http://validator.w3.org/check?uri=referer
kruskals-algorithm/simulation/docs/runtime/js/mst_kruskal_practice.html     http://validator.w3.org/check?uri=referer
kruskals-algorithm/simulation/docs/runtime/js/mst_prims_demo.html     http://validator.w3.org/check?uri=referer
kruskals-algorithm/simulation/docs/runtime/js/mst_prims_exercise.html     http://validator.w3.org/check?uri=referer
kruskals-algorithm/simulation/docs/runtime/js/mst_prims_practice.html     http://validator.w3.org/check?uri=referer
prims-algorithm/simulation/docs/runtime/css/mst_css.html     http://validator.w3.org/check?uri=referer
prims-algorithm/simulation/docs/runtime/html/mst_kruskal_demo.html     http://validator.w3.org/check?uri=referer
prims-algorithm/simulation/docs/runtime/html/mst_kruskal_exercise.html     http://validator.w3.org/check?uri=referer
prims-algorithm/simulation/docs/runtime/html/mst_kruskal_practice.html     http://validator.w3.org/check?uri=referer
prims-algorithm/simulation/docs/runtime/html/mst_prims_demo.html     http://validator.w3.org/check?uri=referer
prims-algorithm/simulation/docs/runtime/html/mst_prims_exercise.html     http://validator.w3.org/check?uri=referer
prims-algorithm/simulation/docs/runtime/html/mst_prims_practice.html     http://validator.w3.org/check?uri=referer
prims-algorithm/simulation/docs/runtime/js/data.html     http://validator.w3.org/check?uri=referer
prims-algorithm/simulation/docs/runtime/js/mst_algo.html     http://validator.w3.org/check?uri=referer
prims-algorithm/simulation/docs/runtime/js/mst_algo2.html     http://validator.w3.org/check?uri=referer
prims-algorithm/simulation/docs/runtime/js/mst_kruskal_demo.html     http://validator.w3.org/check?uri=referer
prims-algorithm/simulation/docs/runtime/js/mst_kruskal_exercise.html     http://validator.w3.org/check?uri=referer
prims-algorithm/simulation/docs/runtime/js/mst_kruskal_practice.html     http://validator.w3.org/check?uri=referer
prims-algorithm/simulation/docs/runtime/js/mst_prims_demo.html     http://validator.w3.org/check?uri=referer
prims-algorithm/simulation/docs/runtime/js/mst_prims_exercise.html     http://validator.w3.org/check?uri=referer
prims-algorithm/simulation/docs/runtime/js/mst_prims_practice.html     http://validator.w3.org/check?uri=referer
